CRITICAL - 2023-04-28 19:50:44 --> Undefined variable: titulo
#0 C:\xampp\htdocs\gauna\app\Views\front\head_view.php(6): CodeIgniter\Debug\Exceptions->errorHandler(8, 'Undefined varia...', 'C:\\xampp\\htdocs...', 6, Array)
#1 C:\xampp\htdocs\gauna\system\View\View.php(210): include('C:\\xampp\\htdocs...')
#2 C:\xampp\htdocs\gauna\system\View\View.php(213): CodeIgniter\View\View->CodeIgniter\View\{closure}()
#3 C:\xampp\htdocs\gauna\system\Common.php(1089): CodeIgniter\View\View->render('front/head_view', Array, true)
#4 C:\xampp\htdocs\gauna\app\Controllers\Home.php(9): view('front/head_view')
#5 C:\xampp\htdocs\gauna\system\CodeIgniter.php(832): App\Controllers\Home->index()
#6 C:\xampp\htdocs\gauna\system\CodeIgniter.php(419): CodeIgniter\CodeIgniter->runController(Object(App\Controllers\Home))
#7 C:\xampp\htdocs\gauna\system\CodeIgniter.php(326): CodeIgniter\CodeIgniter->handleRequest(NULL, Object(Config\Cache), false)
#8 C:\xampp\htdocs\gauna\index.php(37): CodeIgniter\CodeIgniter->run()
#9 {main}
CRITICAL - 2023-04-28 19:52:38 --> Undefined variable: titulo
#0 C:\xampp\htdocs\gauna\app\Views\front\head_view.php(6): CodeIgniter\Debug\Exceptions->errorHandler(8, 'Undefined varia...', 'C:\\xampp\\htdocs...', 6, Array)
#1 C:\xampp\htdocs\gauna\system\View\View.php(210): include('C:\\xampp\\htdocs...')
#2 C:\xampp\htdocs\gauna\system\View\View.php(213): CodeIgniter\View\View->CodeIgniter\View\{closure}()
#3 C:\xampp\htdocs\gauna\system\Common.php(1089): CodeIgniter\View\View->render('front/head_view', Array, true)
#4 C:\xampp\htdocs\gauna\app\Controllers\Home.php(9): view('front/head_view')
#5 C:\xampp\htdocs\gauna\system\CodeIgniter.php(832): App\Controllers\Home->index()
#6 C:\xampp\htdocs\gauna\system\CodeIgniter.php(419): CodeIgniter\CodeIgniter->runController(Object(App\Controllers\Home))
#7 C:\xampp\htdocs\gauna\system\CodeIgniter.php(326): CodeIgniter\CodeIgniter->handleRequest(NULL, Object(Config\Cache), false)
#8 C:\xampp\htdocs\gauna\index.php(37): CodeIgniter\CodeIgniter->run()
#9 {main}
